<?xml version="1.0" encoding="UTF-8"?>
<testng-results ignored="0" total="1" passed="1" failed="0" skipped="0">
  <reporter-output>
  </reporter-output>
  <suite started-at="2019-06-27T15:09:39Z" name="Suite" finished-at="2019-06-27T15:09:39Z" duration-ms="46">
    <groups>
    </groups>
    <test started-at="2019-06-27T15:09:39Z" name="Test" finished-at="2019-06-27T15:09:39Z" duration-ms="46">
      <class name="com.mycompany.app.SeleniumTest">
        <test-method signature="testing()[pri:0, instance:com.mycompany.app.SeleniumTest@3c46e67a]" started-at="2019-06-27T15:09:39Z" name="testing" finished-at="2019-06-27T15:09:39Z" duration-ms="8" status="PASS">
          <reporter-output>
          </reporter-output>
        </test-method> <!-- testing -->
      </class> <!-- com.mycompany.app.SeleniumTest -->
    </test> <!-- Test -->
  </suite> <!-- Suite -->
</testng-results>
